<?xml version="1.0" encoding="UTF-8"?>
<!-- Generated by org.testng.reporters.JUnitReportReporter -->
<testsuite hostname="DESKTOP-VPQU92R" failures="0" tests="1" name="com.shipway.testcases.TC02_SignUp" time="8.875" errors="0" timestamp="2024-10-13T19:00:17 IST" skipped="0">
  <testcase classname="com.shipway.testcases.TC02_SignUp" name="verifyLoginWithValidCredentials" time="8.875"/>
  <system-out/>
</testsuite> <!-- com.shipway.testcases.TC02_SignUp -->
