<?xml version="1.0" encoding="UTF-8"?>
<!-- Generated by org.testng.reporters.JUnitReportReporter -->
<testsuite hostname="DESKTOP-VPQU92R" failures="0" tests="2" name="com.shipway.testcases.TC01_HomePage" time="9.411" errors="0" timestamp="2024-10-13T19:00:17 IST" skipped="0">
  <testcase classname="com.shipway.testcases.TC01_HomePage" name="verifyTitleandLoginbtn" time="5.318"/>
  <system-out/>
  <testcase classname="com.shipway.testcases.TC01_HomePage" name="testLoginBtnDisplayed" time="4.093"/>
  <system-out/>
</testsuite> <!-- com.shipway.testcases.TC01_HomePage -->
